0 silly argv {
0 silly argv   _: [ 'version' ],
0 silly argv   lernaVersion: '6.6.2',
0 silly argv   '$0': '/Users/rodrigoperlin/Desktop/testes/monorepo/node_modules/.bin/lerna'
0 silly argv }
1 notice cli v6.6.2
2 verbose rootPath /Users/rodrigoperlin/Desktop/testes/monorepo
3 info versioning independent
4 silly isAnythingCommitted
5 verbose isAnythingCommitted 1
6 silly getCurrentBranch
7 verbose currentBranch main
8 silly remoteBranchExists
9 silly isBehindUpstream
10 silly isBehindUpstream main is behind origin/main by 0 commit(s) and ahead by 0
11 silly hasTags
12 verbose hasTags true
13 silly git-describe.sync "@ds/projeto1-v1.8.0-4-g7fc7dc3" => {"lastTagName":"@ds/projeto1-v1.8.0","lastVersion":"ds/projeto1-v1.8.0","refCount":"4","sha":"7fc7dc3","isDirty":false}
14 info Looking for changed packages since @ds/projeto1-v1.8.0
15 silly checking diff packages/config-release
16 silly no diff found in @mono/config-release-it
17 silly checking diff packages/projeto1
18 silly found diff in packages/projeto1/CHANGELOG.md
18 silly found diff in packages/projeto1/package.json
18 silly found diff in packages/projeto1/src/App.tsx
19 verbose filtered diff [
19 verbose filtered diff   'packages/projeto1/CHANGELOG.md',
19 verbose filtered diff   'packages/projeto1/package.json',
19 verbose filtered diff   'packages/projeto1/src/App.tsx'
19 verbose filtered diff ]
20 silly checking diff packages/projeto2
21 silly found diff in packages/projeto2/CHANGELOG.md
21 silly found diff in packages/projeto2/package.json
21 silly found diff in packages/projeto2/src/App.tsx
22 verbose filtered diff [
22 verbose filtered diff   'packages/projeto2/CHANGELOG.md',
22 verbose filtered diff   'packages/projeto2/package.json',
22 verbose filtered diff   'packages/projeto2/src/App.tsx'
22 verbose filtered diff ]
23 verbose updated @ds/projeto1
24 verbose updated @ds/projeto2
25 verbose git-describe undefined => "@ds/projeto1-v1.8.0-4-g7fc7dc3"
26 silly git-describe parsed => {"lastTagName":"@ds/projeto1-v1.8.0","lastVersion":"ds/projeto1-v1.8.0","refCount":"4","sha":"7fc7dc3","isDirty":false}
27 info execute Skipping releases
28 silly lifecycle No script for "preversion" in "root", continuing
29 silly lifecycle No script for "preversion" in "@ds/projeto1", continuing
30 silly lifecycle No script for "preversion" in "@ds/projeto2", continuing
31 verbose version @ds/projeto1 has no lockfile. Skipping lockfile update.
32 verbose version @ds/projeto2 has no lockfile. Skipping lockfile update.
33 silly lifecycle No script for "version" in "@ds/projeto1", continuing
34 silly lifecycle No script for "version" in "@ds/projeto2", continuing
35 verbose version Detected yarn version 1.22.19
36 silly lifecycle No script for "version" in "root", continuing
37 silly gitAdd [ 'packages/projeto1/package.json', 'packages/projeto2/package.json' ]
38 silly gitCommit Publish
38 silly gitCommit
38 silly gitCommit  - @ds/projeto1@1.7.1
38 silly gitCommit  - @ds/projeto2@1.3.1
39 verbose git [
39 verbose git   'commit',
39 verbose git   '-F',
39 verbose git   '/private/var/folders/_f/1qrbz27j7678k0k7f1c1wjy40000gn/T/a6d51a8f-51a4-4ec1-a645-70e113e47976/lerna-commit.txt'
39 verbose git ]
40 error Error: Command failed with exit code 1: git commit -F /private/var/folders/_f/1qrbz27j7678k0k7f1c1wjy40000gn/T/a6d51a8f-51a4-4ec1-a645-70e113e47976/lerna-commit.txt
40 error ⧗   input: Publish
40 error
40 error  - @ds/projeto1@1.7.1
40 error  - @ds/projeto2@1.3.1
40 error ✖   subject may not be empty [subject-empty]
40 error ✖   type may not be empty [type-empty]
40 error
40 error ✖   found 2 problems, 0 warnings
40 error ⓘ   Get help: https://github.com/conventional-changelog/commitlint/#what-is-commitlint
40 error
40 error husky - commit-msg hook exited with code 1 (error)
40 error     at makeError (/Users/rodrigoperlin/Desktop/testes/monorepo/node_modules/execa/lib/error.js:59:11)
40 error     at handlePromise (/Users/rodrigoperlin/Desktop/testes/monorepo/node_modules/execa/index.js:114:26)
40 error     at process.processTicksAndRejections (node:internal/process/task_queues:95:5)
40 error     at async Promise.all (index 0)
